<?xml version="1.0" encoding="UTF-8"?>
<!-- Generated by org.testng.reporters.JUnitReportReporter -->
<testsuite hostname="LAPTOP-151VN14N" failures="0" tests="5" name="excelSheet.Country_DropDown" time="1.258" errors="0" timestamp="2025-05-02T17:13:19 IST" skipped="0">
  <testcase classname="excelSheet.Country_DropDown" name="testSelectCountry" time="0.203"/>
  <testcase classname="excelSheet.Country_DropDown" name="testSelectCountry" time="0.264"/>
  <testcase classname="excelSheet.Country_DropDown" name="testSelectCountry" time="0.243"/>
  <testcase classname="excelSheet.Country_DropDown" name="testSelectCountry" time="0.200"/>
  <testcase classname="excelSheet.Country_DropDown" name="testSelectCountry" time="0.348"/>
</testsuite> <!-- excelSheet.Country_DropDown -->
