<?xml version="1.0" encoding="UTF-8"?>
<!-- Generated by org.testng.reporters.JUnitReportReporter -->
<testsuite hostname="LAPTOP-151VN14N" failures="0" tests="5" name="basic_Programs.Countries_DropDown" time="1.585" errors="0" timestamp="2025-05-07T13:41:37 IST" skipped="0">
  <testcase classname="basic_Programs.Countries_DropDown" name="testSelectCountry" time="0.267"/>
  <testcase classname="basic_Programs.Countries_DropDown" name="testSelectCountry" time="0.349"/>
  <testcase classname="basic_Programs.Countries_DropDown" name="testSelectCountry" time="0.275"/>
  <testcase classname="basic_Programs.Countries_DropDown" name="testSelectCountry" time="0.388"/>
  <testcase classname="basic_Programs.Countries_DropDown" name="testSelectCountry" time="0.306"/>
</testsuite> <!-- basic_Programs.Countries_DropDown -->
